<?xml version="1.0" encoding="UTF-8"?>
<!-- Generated by org.testng.reporters.JUnitReportReporter -->
<testsuite ignored="0" hostname="DESKTOP-5AJG8EB" failures="0" tests="4" name="com.ResolveIDC.TestSuits.ResolveAutomationChallenge" time="340.831" errors="0" timestamp="23 Feb 2021 14:05:25 GMT" skipped="0">
  <testcase classname="com.ResolveIDC.TestSuits.ResolveAutomationChallenge" name="test2" time="30.866"/>
  <testcase classname="com.ResolveIDC.TestSuits.ResolveAutomationChallenge" name="test1" time="50.627"/>
  <testcase classname="com.ResolveIDC.TestSuits.ResolveAutomationChallenge" name="test4" time="237.502"/>
  <testcase classname="com.ResolveIDC.TestSuits.ResolveAutomationChallenge" name="test3" time="21.836"/>
</testsuite> <!-- com.ResolveIDC.TestSuits.ResolveAutomationChallenge -->
